<?xml version="1.0" encoding="UTF-8"?>
<!-- Generated by org.testng.reporters.JUnitReportReporter -->
<testsuite hostname="tempbuddy-HP" name="TBR.Rough_Work.CandidatePoolsRough" tests="1" failures="0" timestamp="1 Sep 2015 14:12:40 GMT" time="86.125" errors="0">
  <testcase name="candidatesPoolRough" time="86.125" classname="TBR.Rough_Work.CandidatePoolsRough"/>
</testsuite> <!-- TBR.Rough_Work.CandidatePoolsRough -->
