<?xml version="1.0" encoding="UTF-8"?>
<!-- Generated by org.testng.reporters.JUnitReportReporter -->
<testsuite hostname="tempbuddy-HP" name="TBR.Regression_Testcases.GenerateClientTimeSheetApproval" tests="1" failures="0" timestamp="8 Sep 2015 11:48:27 GMT" time="59.192" errors="0">
  <testcase name="generateClientTimeSheetApproval" time="59.192" classname="TBR.Regression_Testcases.GenerateClientTimeSheetApproval"/>
</testsuite> <!-- TBR.Regression_Testcases.GenerateClientTimeSheetApproval -->
