<?xml version="1.0" encoding="UTF-8"?>
<!-- Generated by org.testng.reporters.JUnitReportReporter -->
<testsuite hostname="tempbuddy-HP" name="TBR.Regression_Testcases.JobsFlowAssignCandidate" tests="1" failures="0" timestamp="29 Sep 2015 11:19:31 GMT" time="104.047" errors="0">
  <testcase name="jobsFlowAssignCandidate" time="104.047" classname="TBR.Regression_Testcases.JobsFlowAssignCandidate"/>
</testsuite> <!-- TBR.Regression_Testcases.JobsFlowAssignCandidate -->
