<?xml version="1.0" encoding="UTF-8"?>
<!-- Generated by org.testng.reporters.JUnitReportReporter -->
<testsuite hostname="tempbuddy-HP" name="TBR.Regression.ClientSection.AddNewClient" tests="1" failures="0" timestamp="21 Sep 2015 14:16:10 GMT" time="52.108" errors="0">
  <testcase name="addNewClient" time="52.108" classname="TBR.Regression.ClientSection.AddNewClient"/>
</testsuite> <!-- TBR.Regression.ClientSection.AddNewClient -->
