<?xml version="1.0" encoding="UTF-8"?>
<!-- Generated by org.testng.reporters.JUnitReportReporter -->
<testsuite hostname="tempbuddy-HP" name="TBR.Regression_Testcases.GenerateNewTimesheetByClient" tests="1" failures="0" timestamp="9 Sep 2015 08:26:53 GMT" time="106.878" errors="0">
  <testcase name="generateNewTimesheetByClient" time="106.878" classname="TBR.Regression_Testcases.GenerateNewTimesheetByClient"/>
</testsuite> <!-- TBR.Regression_Testcases.GenerateNewTimesheetByClient -->
