<?xml version="1.0" encoding="UTF-8"?>
<!-- Generated by org.testng.reporters.JUnitReportReporter -->
<testsuite hostname="tempbuddy-HP" name="TBR.FunctionalTestcases.GeneralSearch" tests="1" failures="0" timestamp="20 Jul 2015 15:49:12 GMT" time="17.330" errors="0">
  <testcase name="generalSearch" time="17.330" classname="TBR.FunctionalTestcases.GeneralSearch"/>
</testsuite> <!-- TBR.FunctionalTestcases.GeneralSearch -->
