<?xml version="1.0" encoding="UTF-8"?>
<!-- Generated by org.testng.reporters.JUnitReportReporter -->
<testsuite hostname="tempbuddy-HP" name="TBR.Rough_Work.LogginTest" tests="1" failures="0" timestamp="16 Jul 2015 08:37:19 GMT" time="0.374" errors="0">
  <testcase name="logsTest" time="0.374" classname="TBR.Rough_Work.LogginTest"/>
</testsuite> <!-- TBR.Rough_Work.LogginTest -->
