<?xml version="1.0" encoding="UTF-8"?>
<!-- Generated by org.testng.reporters.JUnitReportReporter -->
<testsuite hostname="tempbuddy-HP" name="TBR.Regression_Testcases.ExportInvoices" tests="1" failures="0" timestamp="30 Nov 2015 10:59:14 GMT" time="26.369" errors="0">
  <testcase name="exportInvoices" time="26.369" classname="TBR.Regression_Testcases.ExportInvoices"/>
</testsuite> <!-- TBR.Regression_Testcases.ExportInvoices -->
