<?xml version="1.0" encoding="UTF-8"?>
<!-- Generated by org.testng.reporters.JUnitReportReporter -->
<testsuite hostname="tempbuddy-HP" name="TBR.Regression_Testcases.ExportTimesheets" tests="1" failures="0" timestamp="8 Sep 2015 12:16:25 GMT" time="18.416" errors="0">
  <testcase name="exportTimesheetrough" time="18.416" classname="TBR.Regression_Testcases.ExportTimesheets"/>
</testsuite> <!-- TBR.Regression_Testcases.ExportTimesheets -->
