<?xml version="1.0" encoding="UTF-8"?>
<!-- Generated by org.testng.reporters.JUnitReportReporter -->
<testsuite hostname="tempbuddy-HP" name="TBR.FunctionalTestcases.CheckTextLeftMenu" tests="1" failures="0" timestamp="29 Sep 2015 09:04:21 GMT" time="16.509" errors="0">
  <testcase name="checkTextLeftMenu" time="16.509" classname="TBR.FunctionalTestcases.CheckTextLeftMenu"/>
</testsuite> <!-- TBR.FunctionalTestcases.CheckTextLeftMenu -->
