<?xml version="1.0" encoding="UTF-8"?>
<!-- Generated by org.testng.reporters.JUnitReportReporter -->
<testsuite hostname="tempbuddy-HP" name="TBR.Functional_Testcases.LogIn" tests="5" failures="0" timestamp="17 Jul 2015 16:42:49 GMT" time="39.374" errors="0">
  <testcase name="logIn" time="7.550" classname="TBR.Functional_Testcases.LogIn"/>
  <testcase name="logIn" time="7.708" classname="TBR.Functional_Testcases.LogIn"/>
  <testcase name="logIn" time="10.534" classname="TBR.Functional_Testcases.LogIn"/>
  <testcase name="logIn" time="7.074" classname="TBR.Functional_Testcases.LogIn"/>
  <testcase name="logIn" time="6.508" classname="TBR.Functional_Testcases.LogIn"/>
</testsuite> <!-- TBR.Functional_Testcases.LogIn -->
