<?xml version="1.0" encoding="UTF-8"?>
<!-- Generated by org.testng.reporters.JUnitReportReporter -->
<testsuite hostname="tempbuddy-HP" name="TBR.Regression_Testcases.JobsFlowAssignCandidate" tests="1" failures="0" timestamp="1 Oct 2015 13:16:11 GMT" time="154.409" errors="0">
  <testcase name="jobsFlowAssignCandidate" time="154.409" classname="TBR.Regression_Testcases.JobsFlowAssignCandidate"/>
</testsuite> <!-- TBR.Regression_Testcases.JobsFlowAssignCandidate -->
