<?xml version="1.0" encoding="UTF-8"?>
<!-- Generated by org.testng.reporters.JUnitReportReporter -->
<testsuite hostname="tempbuddy-HP" name="TBR.Functional_Testcases.rough" tests="1" failures="0" timestamp="17 Jul 2015 12:47:59 GMT" time="9.204" errors="0">
  <testcase name="leftSideMenu" time="9.204" classname="TBR.Functional_Testcases.rough"/>
</testsuite> <!-- TBR.Functional_Testcases.rough -->
