<?xml version="1.0" encoding="UTF-8"?>
<!-- Generated by org.testng.reporters.JUnitReportReporter -->
<testsuite hostname="tempbuddy-HP" name="TBR.Rough_Work.AssignmentsIconRough" tests="1" failures="0" timestamp="22 Sep 2015 10:21:34 GMT" time="131.043" errors="0">
  <testcase name="assignmentsIconRough" time="131.043" classname="TBR.Rough_Work.AssignmentsIconRough"/>
</testsuite> <!-- TBR.Rough_Work.AssignmentsIconRough -->
