<?xml version="1.0" encoding="UTF-8"?>
<!-- Generated by org.testng.reporters.JUnitReportReporter -->
<testsuite hostname="tempbuddy-HP" name="TBR.Regression_Testcases.JobsFlowMatchCandidateToJob" tests="1" failures="0" timestamp="21 Sep 2015 11:00:29 GMT" time="102.435" errors="0">
  <testcase name="jobsFlowAssignJobRough" time="102.435" classname="TBR.Regression_Testcases.JobsFlowMatchCandidateToJob"/>
</testsuite> <!-- TBR.Regression_Testcases.JobsFlowMatchCandidateToJob -->
