<?xml version="1.0" encoding="UTF-8"?>
<!-- Generated by org.testng.reporters.JUnitReportReporter -->
<testsuite hostname="tempbuddy-HP" name="TBR.Rough_Work.DayBookRough" tests="1" failures="0" timestamp="22 Sep 2015 10:05:21 GMT" time="75.967" errors="0">
  <testcase name="dayBookRough" time="75.967" classname="TBR.Rough_Work.DayBookRough"/>
</testsuite> <!-- TBR.Rough_Work.DayBookRough -->
