<?xml version="1.0" encoding="UTF-8"?>
<!-- Generated by org.testng.reporters.JUnitReportReporter -->
<testsuite hostname="tempbuddy-HP" name="TBR.Rough_Work.JobFlowByPoolRough" tests="1" failures="0" timestamp="24 Aug 2015 11:34:47 GMT" time="62.199" errors="0">
  <testcase name="jobFlowByPoolRough" time="62.199" classname="TBR.Rough_Work.JobFlowByPoolRough"/>
</testsuite> <!-- TBR.Rough_Work.JobFlowByPoolRough -->
