<?xml version="1.0" encoding="UTF-8"?>
<!-- Generated by org.testng.reporters.JUnitReportReporter -->
<testsuite hostname="tempbuddy-HP" name="TBR.Rough_Work.Roughest" tests="1" failures="0" timestamp="18 Sep 2015 08:37:33 GMT" time="85.969" errors="0">
  <testcase name="check" time="85.969" classname="TBR.Rough_Work.Roughest"/>
</testsuite> <!-- TBR.Rough_Work.Roughest -->
