<?xml version="1.0" encoding="UTF-8"?>
<!-- Generated by org.testng.reporters.JUnitReportReporter -->
<testsuite hostname="tempbuddy-HP" name="TBR.Regression_Testcases.JobsFlowAssignCandidate" tests="1" failures="0" timestamp="2 Dec 2015 14:12:48 GMT" time="116.198" errors="0">
  <testcase name="jobsFlowAssignCandidate" time="116.198" classname="TBR.Regression_Testcases.JobsFlowAssignCandidate"/>
</testsuite> <!-- TBR.Regression_Testcases.JobsFlowAssignCandidate -->
