<?xml version="1.0" encoding="UTF-8"?>
<!-- Generated by org.testng.reporters.JUnitReportReporter -->
<testsuite hostname="tempbuddy-HP" name="TBR.Rough_Work.AllLinksLeftRough" tests="1" failures="0" timestamp="26 Aug 2015 10:12:30 GMT" time="356.116" errors="0">
  <testcase name="allLinksJobs" time="356.116" classname="TBR.Rough_Work.AllLinksLeftRough"/>
</testsuite> <!-- TBR.Rough_Work.AllLinksLeftRough -->
