<?xml version="1.0" encoding="UTF-8"?>
<!-- Generated by org.testng.reporters.JUnitReportReporter -->
<testsuite hostname="tempbuddy-HP" name="TBR.Regression.JobsSection.AdvertisePoolByAssignment" tests="1" failures="0" timestamp="21 Sep 2015 14:00:38 GMT" time="48.244" errors="0">
  <testcase name="jobFlowByPoolRough" time="48.244" classname="TBR.Regression.JobsSection.AdvertisePoolByAssignment"/>
</testsuite> <!-- TBR.Regression.JobsSection.AdvertisePoolByAssignment -->
