<?xml version="1.0" encoding="UTF-8"?>
<!-- Generated by org.testng.reporters.JUnitReportReporter -->
<testsuite hostname="tempbuddy-HP" name="TBR.Regression_Testcases.CandidatePoolsByApplication" tests="1" failures="0" timestamp="27 Nov 2015 15:47:56 GMT" time="33.633" errors="0">
  <testcase name="candidatesPoolByApplication" time="33.633" classname="TBR.Regression_Testcases.CandidatePoolsByApplication"/>
</testsuite> <!-- TBR.Regression_Testcases.CandidatePoolsByApplication -->
