<?xml version="1.0" encoding="UTF-8"?>
<!-- Generated by org.testng.reporters.JUnitReportReporter -->
<testsuite hostname="tempbuddy-HP" name="TBR.Rough_Work.CandidateManualCheckInRough" tests="1" failures="0" timestamp="20 Aug 2015 11:32:25 GMT" time="46.721" errors="0">
  <testcase name="candidateManualCheck" time="46.721" classname="TBR.Rough_Work.CandidateManualCheckInRough"/>
</testsuite> <!-- TBR.Rough_Work.CandidateManualCheckInRough -->
