<?xml version="1.0" encoding="UTF-8"?>
<!-- Generated by org.testng.reporters.JUnitReportReporter -->
<testsuite hostname="tempbuddy-HP" name="TBR.Regression_Testcases.JobsFlowDontMatchSaveJob" tests="1" failures="0" timestamp="1 Dec 2015 16:15:08 GMT" time="67.654" errors="0">
  <testcase name="addNewClient" time="67.654" classname="TBR.Regression_Testcases.JobsFlowDontMatchSaveJob"/>
</testsuite> <!-- TBR.Regression_Testcases.JobsFlowDontMatchSaveJob -->
