<?xml version="1.0" encoding="UTF-8"?>
<!-- Generated by org.testng.reporters.JUnitReportReporter -->
<testsuite hostname="tempbuddy-HP" name="TBR.Rough_Work.JustRough" tests="1" failures="0" timestamp="26 Aug 2015 12:16:08 GMT" time="360.217" errors="0">
  <testcase name="allLinksJobsspecific" time="360.217" classname="TBR.Rough_Work.JustRough"/>
</testsuite> <!-- TBR.Rough_Work.JustRough -->
