<?xml version="1.0" encoding="UTF-8"?>
<!-- Generated by org.testng.reporters.JUnitReportReporter -->
<testsuite hostname="tempbuddy-HP" name="TBR.Regression.ClientSection.AddNewClient" tests="1" failures="0" timestamp="2 Dec 2015 15:17:21 GMT" time="59.357" errors="0">
  <testcase name="addNewClient" time="59.357" classname="TBR.Regression.ClientSection.AddNewClient"/>
</testsuite> <!-- TBR.Regression.ClientSection.AddNewClient -->
