<?xml version="1.0" encoding="UTF-8"?>
<!-- Generated by org.testng.reporters.JUnitReportReporter -->
<testsuite hostname="tempbuddy-HP" name="TBR.Rough_Work.ForgotPasswordRough" tests="1" failures="0" timestamp="20 Jul 2015 14:58:20 GMT" time="6.740" errors="0">
  <testcase name="forgotPassword" time="6.740" classname="TBR.Rough_Work.ForgotPasswordRough"/>
</testsuite> <!-- TBR.Rough_Work.ForgotPasswordRough -->
