<?xml version="1.0" encoding="UTF-8"?>
<!-- Generated by org.testng.reporters.JUnitReportReporter -->
<testsuite hostname="tempbuddy-HP" name="TBR.FunctionalTestcases.AssignmentsIcon" tests="1" failures="0" timestamp="29 Sep 2015 09:08:59 GMT" time="44.192" errors="0">
  <testcase name="assignmentsIcon" time="44.192" classname="TBR.FunctionalTestcases.AssignmentsIcon"/>
</testsuite> <!-- TBR.FunctionalTestcases.AssignmentsIcon -->
