<?xml version="1.0" encoding="UTF-8"?>
<!-- Generated by org.testng.reporters.JUnitReportReporter -->
<testsuite hostname="tempbuddy-HP" name="TBR.Regression.JobsSection.DontMatchSaveJob" tests="1" failures="0" timestamp="2 Dec 2015 09:40:32 GMT" time="131.378" errors="0">
  <testcase name="dontMatchSaveJob" time="131.378" classname="TBR.Regression.JobsSection.DontMatchSaveJob"/>
</testsuite> <!-- TBR.Regression.JobsSection.DontMatchSaveJob -->
