<?xml version="1.0" encoding="UTF-8"?>
<!-- Generated by org.testng.reporters.JUnitReportReporter -->
<testsuite hostname="tempbuddy-HP" name="TBR.Rough_Work.LeftMenuPresentRough" tests="1" failures="0" timestamp="17 Jul 2015 16:19:45 GMT" time="11.046" errors="0">
  <testcase name="leftSideMenu" time="11.046" classname="TBR.Rough_Work.LeftMenuPresentRough"/>
</testsuite> <!-- TBR.Rough_Work.LeftMenuPresentRough -->
