<?xml version="1.0" encoding="UTF-8"?>
<!-- Generated by org.testng.reporters.JUnitReportReporter -->
<testsuite hostname="tempbuddy-HP" name="TBR.Regression_Testcases.ConfirmCandidateClientFromAssignment" tests="1" failures="0" timestamp="21 Sep 2015 16:21:07 GMT" time="112.478" errors="0">
  <testcase name="example" time="112.478" classname="TBR.Regression_Testcases.ConfirmCandidateClientFromAssignment"/>
</testsuite> <!-- TBR.Regression_Testcases.ConfirmCandidateClientFromAssignment -->
