<?xml version="1.0" encoding="UTF-8"?>
<!-- Generated by org.testng.reporters.JUnitReportReporter -->
<testsuite hostname="tempbuddy-HP" name="TBR.Functional_Testcases.CheckTextLeftMenu" tests="1" failures="0" timestamp="17 Jul 2015 16:39:27 GMT" time="11.858" errors="0">
  <testcase name="checkTextLeftMenu" time="11.858" classname="TBR.Functional_Testcases.CheckTextLeftMenu"/>
</testsuite> <!-- TBR.Functional_Testcases.CheckTextLeftMenu -->
