<?xml version="1.0" encoding="UTF-8"?>
<!-- Generated by org.testng.reporters.JUnitReportReporter -->
<testsuite hostname="tempbuddy-HP" name="TBR.Rough_Work.FileUpload" tests="1" failures="0" timestamp="3 Sep 2015 14:47:26 GMT" time="29.196" errors="0">
  <testcase name="fileUpload" time="29.196" classname="TBR.Rough_Work.FileUpload"/>
</testsuite> <!-- TBR.Rough_Work.FileUpload -->
