<?xml version="1.0" encoding="UTF-8"?>
<!-- Generated by org.testng.reporters.JUnitReportReporter -->
<testsuite hostname="tempbuddy-HP" name="TBR.Regression_Testcases.CandidatePoolsByApplication" tests="1" failures="0" timestamp="7 Sep 2015 16:48:17 GMT" time="27.579" errors="0">
  <testcase name="candidatesPoolByApplication" time="27.579" classname="TBR.Regression_Testcases.CandidatePoolsByApplication"/>
</testsuite> <!-- TBR.Regression_Testcases.CandidatePoolsByApplication -->
