<?xml version="1.0" encoding="UTF-8"?>
<!-- Generated by org.testng.reporters.JUnitReportReporter -->
<testsuite hostname="tempbuddy-HP" name="TBR.FunctionalTestcases.ToggleTempIcon" tests="1" failures="0" timestamp="20 Jul 2015 17:31:24 GMT" time="12.413" errors="0">
  <testcase name="toggleTempIcon" time="12.413" classname="TBR.FunctionalTestcases.ToggleTempIcon"/>
</testsuite> <!-- TBR.FunctionalTestcases.ToggleTempIcon -->
