<?xml version="1.0" encoding="UTF-8"?>
<!-- Generated by org.testng.reporters.JUnitReportReporter -->
<testsuite hostname="tempbuddy-HP" name="TBR.Regression.JobsSection.MatchCandidate" tests="1" failures="0" timestamp="21 Sep 2015 10:21:15 GMT" time="113.580" errors="0">
  <testcase name="jobsFlowAssignJobRough" time="113.580" classname="TBR.Regression.JobsSection.MatchCandidate"/>
</testsuite> <!-- TBR.Regression.JobsSection.MatchCandidate -->
