<?xml version="1.0" encoding="UTF-8"?>
<!-- Generated by org.testng.reporters.JUnitReportReporter -->
<testsuite hostname="tempbuddy-HP" name="TBR.Regression.JobsSection.DontMatchSaveJob" tests="1" failures="0" timestamp="21 Sep 2015 16:05:04 GMT" time="72.807" errors="0">
  <testcase name="dontMatchSaveJob" time="72.807" classname="TBR.Regression.JobsSection.DontMatchSaveJob"/>
</testsuite> <!-- TBR.Regression.JobsSection.DontMatchSaveJob -->
