<?xml version="1.0" encoding="UTF-8"?>
<!-- Generated by org.testng.reporters.JUnitReportReporter -->
<testsuite hostname="tempbuddy-HP" name="TBR.Rough_Work.GenerateTimesheetRough" tests="1" failures="0" timestamp="2 Sep 2015 10:44:48 GMT" time="45.602" errors="0">
  <testcase name="generateTimeSheet" time="45.602" classname="TBR.Rough_Work.GenerateTimesheetRough"/>
</testsuite> <!-- TBR.Rough_Work.GenerateTimesheetRough -->
