<?xml version="1.0" encoding="UTF-8"?>
<!-- Generated by org.testng.reporters.JUnitReportReporter -->
<testsuite hostname="tempbuddy-HP" name="TBR.Regression_Testcases.JobsFlowAdvertisePoolByApplication" tests="1" failures="0" timestamp="29 Sep 2015 11:19:31 GMT" time="93.562" errors="0">
  <testcase name="jobFlowByPoolRough" time="93.562" classname="TBR.Regression_Testcases.JobsFlowAdvertisePoolByApplication"/>
</testsuite> <!-- TBR.Regression_Testcases.JobsFlowAdvertisePoolByApplication -->
