<?xml version="1.0" encoding="UTF-8"?>
<!-- Generated by org.testng.reporters.JUnitReportReporter -->
<testsuite hostname="tempbuddy-HP" name="TBR.Regression_Testcases.JobsFlowAdvertisePoolByAssignment" tests="1" failures="0" timestamp="1 Dec 2015 16:20:00 GMT" time="63.609" errors="0">
  <testcase name="jobFlowByPoolByAssignment" time="63.609" classname="TBR.Regression_Testcases.JobsFlowAdvertisePoolByAssignment"/>
</testsuite> <!-- TBR.Regression_Testcases.JobsFlowAdvertisePoolByAssignment -->
