<?xml version="1.0" encoding="UTF-8"?>
<!-- Generated by org.testng.reporters.JUnitReportReporter -->
<testsuite hostname="tempbuddy-HP" name="TBR.Regression_Testcases.AddNewClient" tests="1" failures="0" timestamp="21 Sep 2015 10:52:41 GMT" time="50.314" errors="0">
  <testcase name="addNewClient" time="50.314" classname="TBR.Regression_Testcases.AddNewClient"/>
</testsuite> <!-- TBR.Regression_Testcases.AddNewClient -->
