<?xml version="1.0" encoding="UTF-8"?>
<!-- Generated by org.testng.reporters.JUnitReportReporter -->
<testsuite hostname="tempbuddy-HP" name="TBR.Regression_Testcases.CheckBranding" tests="1" failures="0" timestamp="29 Sep 2015 11:19:32 GMT" time="76.061" errors="0">
  <testcase name="checkBrading" time="76.061" classname="TBR.Regression_Testcases.CheckBranding"/>
</testsuite> <!-- TBR.Regression_Testcases.CheckBranding -->
