<?xml version="1.0" encoding="UTF-8"?>
<!-- Generated by org.testng.reporters.JUnitReportReporter -->
<testsuite hostname="tempbuddy-HP" name="TBR.Regression.JobsSection.AdvetisePoolByApplication" tests="1" failures="0" timestamp="21 Sep 2015 13:54:58 GMT" time="88.659" errors="0">
  <testcase name="jobFlowByPoolRough" time="88.659" classname="TBR.Regression.JobsSection.AdvetisePoolByApplication"/>
</testsuite> <!-- TBR.Regression.JobsSection.AdvetisePoolByApplication -->
