<?xml version="1.0" encoding="UTF-8"?>
<!-- Generated by org.testng.reporters.JUnitReportReporter -->
<testsuite hostname="tempbuddy-HP" name="TBR.Regression_Testcases.JobsFlowMatchCandidateToJob" tests="1" failures="0" timestamp="1 Dec 2015 16:26:49 GMT" time="123.032" errors="0">
  <testcase name="jobsFlowMatchCanidateToJob" time="123.032" classname="TBR.Regression_Testcases.JobsFlowMatchCandidateToJob"/>
</testsuite> <!-- TBR.Regression_Testcases.JobsFlowMatchCandidateToJob -->
