<?xml version="1.0" encoding="UTF-8"?>
<!-- Generated by org.testng.reporters.JUnitReportReporter -->
<testsuite hostname="tempbuddy-HP" name="TBR.Regression_Testcases.GenerateNewTimsheetByAssignment" tests="1" failures="0" timestamp="8 Sep 2015 10:07:16 GMT" time="40.554" errors="0">
  <testcase name="generateNewTimesheetByAssignment" time="40.554" classname="TBR.Regression_Testcases.GenerateNewTimsheetByAssignment"/>
</testsuite> <!-- TBR.Regression_Testcases.GenerateNewTimsheetByAssignment -->
