<?xml version="1.0" encoding="UTF-8"?>
<!-- Generated by org.testng.reporters.JUnitReportReporter -->
<testsuite hostname="tempbuddy-HP" name="TBR.Regression_Testcases.CreateNewCandidate" tests="1" failures="0" timestamp="21 Sep 2015 10:52:40 GMT" time="65.735" errors="0">
  <testcase name="createNewCandidate" time="65.735" classname="TBR.Regression_Testcases.CreateNewCandidate"/>
</testsuite> <!-- TBR.Regression_Testcases.CreateNewCandidate -->
