<?xml version="1.0" encoding="UTF-8"?>
<!-- Generated by org.testng.reporters.JUnitReportReporter -->
<testsuite hostname="tempbuddy-HP" name="TBR.Rough_Work.GeneratePaySlipRough" tests="1" failures="0" timestamp="2 Sep 2015 08:25:54 GMT" time="39.537" errors="0">
  <testcase name="generatePaySlip" time="39.537" classname="TBR.Rough_Work.GeneratePaySlipRough"/>
</testsuite> <!-- TBR.Rough_Work.GeneratePaySlipRough -->
