<?xml version="1.0" encoding="UTF-8"?>
<!-- Generated by org.testng.reporters.JUnitReportReporter -->
<testsuite hostname="tempbuddy-HP" name="TBR.FunctionalTestcases.ForgotPassword" tests="2" failures="0" timestamp="20 Jul 2015 15:04:14 GMT" time="16.018" errors="0">
  <testcase name="forgotPassword" time="8.249" classname="TBR.FunctionalTestcases.ForgotPassword"/>
  <testcase name="forgotPassword" time="7.769" classname="TBR.FunctionalTestcases.ForgotPassword"/>
</testsuite> <!-- TBR.FunctionalTestcases.ForgotPassword -->
