<?xml version="1.0" encoding="UTF-8"?>
<!-- Generated by org.testng.reporters.JUnitReportReporter -->
<testsuite hostname="tempbuddy-HP" name="TBR.Regression.JobsSection.AddSelectNewTemplate" tests="1" failures="0" timestamp="30 Nov 2015 12:55:58 GMT" time="91.569" errors="0">
  <testcase name="addSelectNewTemplate" time="91.569" classname="TBR.Regression.JobsSection.AddSelectNewTemplate"/>
</testsuite> <!-- TBR.Regression.JobsSection.AddSelectNewTemplate -->
