<?xml version="1.0" encoding="UTF-8"?>
<!-- Generated by org.testng.reporters.JUnitReportReporter -->
<testsuite hostname="tempbuddy-HP" name="TBR.Regression_Testcases.ExportInvoices" tests="1" failures="0" timestamp="8 Sep 2015 16:02:25 GMT" time="22.544" errors="0">
  <testcase name="exportInvoices" time="22.544" classname="TBR.Regression_Testcases.ExportInvoices"/>
</testsuite> <!-- TBR.Regression_Testcases.ExportInvoices -->
