<?xml version="1.0" encoding="UTF-8"?>
<!-- Generated by org.testng.reporters.JUnitReportReporter -->
<testsuite hostname="tempbuddy-HP" name="TBR.Regression_Testcases.JobsFlowMatchCandidateToJob" tests="1" failures="0" timestamp="29 Sep 2015 11:19:32 GMT" time="111.374" errors="0">
  <testcase name="jobsFlowAssignJobRough" time="111.374" classname="TBR.Regression_Testcases.JobsFlowMatchCandidateToJob"/>
</testsuite> <!-- TBR.Regression_Testcases.JobsFlowMatchCandidateToJob -->
