<?xml version="1.0" encoding="UTF-8"?>
<!-- Generated by org.testng.reporters.JUnitReportReporter -->
<testsuite hostname="tempbuddy-HP" name="TBR.Regression_Testcases.GenerateClientTimeSheetApproval" tests="1" failures="0" timestamp="30 Nov 2015 09:33:20 GMT" time="79.306" errors="0">
  <testcase name="generateClientTimeSheetApproval" time="79.306" classname="TBR.Regression_Testcases.GenerateClientTimeSheetApproval"/>
</testsuite> <!-- TBR.Regression_Testcases.GenerateClientTimeSheetApproval -->
