<?xml version="1.0" encoding="UTF-8"?>
<!-- Generated by org.testng.reporters.JUnitReportReporter -->
<testsuite hostname="tempbuddy-HP" name="TBR.Regression_Testcases.GenerateTimesheetByAssignment" tests="1" failures="0" timestamp="20 Aug 2015 09:27:42 GMT" time="41.625" errors="0">
  <testcase name="generateTimeSheet" time="41.625" classname="TBR.Regression_Testcases.GenerateTimesheetByAssignment"/>
</testsuite> <!-- TBR.Regression_Testcases.GenerateTimesheetByAssignment -->
