<?xml version="1.0" encoding="UTF-8"?>
<!-- Generated by org.testng.reporters.JUnitReportReporter -->
<testsuite hostname="tempbuddy-HP" name="TBR.Regression_Testcases.JobsFlowDontMatchSaveJob" tests="1" failures="0" timestamp="21 Sep 2015 10:52:41 GMT" time="59.459" errors="0">
  <testcase name="addNewClient" time="59.459" classname="TBR.Regression_Testcases.JobsFlowDontMatchSaveJob"/>
</testsuite> <!-- TBR.Regression_Testcases.JobsFlowDontMatchSaveJob -->
