<?xml version="1.0" encoding="UTF-8"?>
<!-- Generated by org.testng.reporters.JUnitReportReporter -->
<testsuite hostname="tempbuddy-HP" name="TBR.Rough_Work.AllJobsRough" tests="1" failures="0" timestamp="31 Jul 2015 16:39:39 GMT" time="18.183" errors="0">
  <testcase name="allJobsRough" time="18.183" classname="TBR.Rough_Work.AllJobsRough"/>
</testsuite> <!-- TBR.Rough_Work.AllJobsRough -->
