<?xml version="1.0" encoding="UTF-8"?>
<!-- Generated by org.testng.reporters.JUnitReportReporter -->
<testsuite hostname="tempbuddy-HP" name="TBR.Rough_Work.AllLinksJobsSpecific" tests="1" failures="0" timestamp="26 Aug 2015 11:39:28 GMT" time="33.287" errors="0">
  <testcase name="allLinksJobsspecific" time="33.287" classname="TBR.Rough_Work.AllLinksJobsSpecific"/>
</testsuite> <!-- TBR.Rough_Work.AllLinksJobsSpecific -->
