<?xml version="1.0" encoding="UTF-8"?>
<!-- Generated by org.testng.reporters.JUnitReportReporter -->
<testsuite hostname="tempbuddy-HP" name="TBR.FunctionalTestcases.LeftSideMenu" tests="1" failures="0" timestamp="21 Jul 2015 14:44:29 GMT" time="29.612" errors="0">
  <testcase name="leftSideMenu" time="29.612" classname="TBR.FunctionalTestcases.LeftSideMenu"/>
</testsuite> <!-- TBR.FunctionalTestcases.LeftSideMenu -->
