<?xml version="1.0" encoding="UTF-8"?>
<!-- Generated by org.testng.reporters.JUnitReportReporter -->
<testsuite hostname="tempbuddy-HP" name="TBR.FunctionalTestcases.CheckTextLeftMenu" tests="1" failures="0" timestamp="31 Jul 2015 10:30:06 GMT" time="14.424" errors="0">
  <testcase name="checkTextLeftMenu" time="14.424" classname="TBR.FunctionalTestcases.CheckTextLeftMenu"/>
</testsuite> <!-- TBR.FunctionalTestcases.CheckTextLeftMenu -->
