<?xml version="1.0" encoding="UTF-8"?>
<!-- Generated by org.testng.reporters.JUnitReportReporter -->
<testsuite hostname="tempbuddy-HP" name="TBR.Regression_Testcases.CheckBranding" tests="1" failures="0" timestamp="10 Dec 2015 13:04:17 GMT" time="39.453" errors="0">
  <testcase name="checkBrading" time="39.453" classname="TBR.Regression_Testcases.CheckBranding"/>
</testsuite> <!-- TBR.Regression_Testcases.CheckBranding -->
