<?xml version="1.0" encoding="UTF-8"?>
<!-- Generated by org.testng.reporters.JUnitReportReporter -->
<testsuite hostname="tempbuddy-HP" name="TBR.Regression_Testcases.JobsFlowAssignCandidate" tests="1" failures="0" timestamp="23 Sep 2015 15:30:40 GMT" time="137.707" errors="0">
  <testcase name="jobsFlowAssignCandidate" time="137.707" classname="TBR.Regression_Testcases.JobsFlowAssignCandidate"/>
</testsuite> <!-- TBR.Regression_Testcases.JobsFlowAssignCandidate -->
