<?xml version="1.0" encoding="UTF-8"?>
<!-- Generated by org.testng.reporters.JUnitReportReporter -->
<testsuite hostname="tempbuddy-HP" name="TBR.Regression_Testcases.JobsFlowAdvertisePoolByApplication" tests="1" failures="0" timestamp="1 Dec 2015 16:15:09 GMT" time="57.260" errors="0">
  <testcase name="jobFlowByPoolByApplication" time="57.260" classname="TBR.Regression_Testcases.JobsFlowAdvertisePoolByApplication"/>
</testsuite> <!-- TBR.Regression_Testcases.JobsFlowAdvertisePoolByApplication -->
