<?xml version="1.0" encoding="UTF-8"?>
<!-- Generated by org.testng.reporters.JUnitReportReporter -->
<testsuite hostname="tempbuddy-HP" name="TBR.Regression.JobsSection.AdvetisePoolByApplication" tests="1" failures="0" timestamp="7 Oct 2015 10:01:56 GMT" time="102.438" errors="0">
  <testcase name="jobFlowByPoolRough" time="102.438" classname="TBR.Regression.JobsSection.AdvetisePoolByApplication"/>
</testsuite> <!-- TBR.Regression.JobsSection.AdvetisePoolByApplication -->
