<?xml version="1.0" encoding="UTF-8"?>
<!-- Generated by org.testng.reporters.JUnitReportReporter -->
<testsuite hostname="tempbuddy-HP" name="TBR.Regression_Testcases.CreateNewCandidate" tests="1" failures="0" timestamp="1 Dec 2015 16:24:11 GMT" time="73.375" errors="0">
  <testcase name="createNewCandidate" time="73.375" classname="TBR.Regression_Testcases.CreateNewCandidate"/>
</testsuite> <!-- TBR.Regression_Testcases.CreateNewCandidate -->
