<?xml version="1.0" encoding="UTF-8"?>
<!-- Generated by org.testng.reporters.JUnitReportReporter -->
<testsuite hostname="tempbuddy-HP" name="TBR.Rough_Work.ExportPayslipRough" tests="1" failures="0" timestamp="8 Sep 2015 14:18:04 GMT" time="22.651" errors="0">
  <testcase name="exportPayslipRough" time="22.651" classname="TBR.Rough_Work.ExportPayslipRough"/>
</testsuite> <!-- TBR.Rough_Work.ExportPayslipRough -->
