<?xml version="1.0" encoding="UTF-8"?>
<!-- Generated by org.testng.reporters.JUnitReportReporter -->
<testsuite hostname="tempbuddy-HP" name="TBR.FunctionalTestcases.LogIn" tests="5" failures="0" timestamp="20 Jul 2015 10:59:47 GMT" time="34.043" errors="0">
  <testcase name="logIn" time="7.306" classname="TBR.FunctionalTestcases.LogIn"/>
  <testcase name="logIn" time="6.484" classname="TBR.FunctionalTestcases.LogIn"/>
  <testcase name="logIn" time="6.188" classname="TBR.FunctionalTestcases.LogIn"/>
  <testcase name="logIn" time="8.141" classname="TBR.FunctionalTestcases.LogIn"/>
  <testcase name="logIn" time="5.924" classname="TBR.FunctionalTestcases.LogIn"/>
</testsuite> <!-- TBR.FunctionalTestcases.LogIn -->
