<?xml version="1.0" encoding="UTF-8"?>
<!-- Generated by org.testng.reporters.JUnitReportReporter -->
<testsuite hostname="tempbuddy-HP" name="TBR.Rough_Work.RoughMatchCandidate" tests="1" failures="0" timestamp="31 Jul 2015 11:27:02 GMT" time="21.185" errors="0">
  <testcase name="roughMatchJobCandidate" time="21.185" classname="TBR.Rough_Work.RoughMatchCandidate"/>
</testsuite> <!-- TBR.Rough_Work.RoughMatchCandidate -->
