<?xml version="1.0" encoding="UTF-8"?>
<!-- Generated by org.testng.reporters.JUnitReportReporter -->
<testsuite hostname="tempbuddy-HP" name="TBR.Functional_Testcases.LeftSideMenu" tests="1" failures="0" timestamp="20 Jul 2015 09:59:44 GMT" time="32.378" errors="0">
  <testcase name="leftSideMenu" time="32.378" classname="TBR.Functional_Testcases.LeftSideMenu"/>
</testsuite> <!-- TBR.Functional_Testcases.LeftSideMenu -->
