<?xml version="1.0" encoding="UTF-8"?>
<!-- Generated by org.testng.reporters.JUnitReportReporter -->
<testsuite hostname="tempbuddy-HP" name="TBR.Regression_Testcases.JobsFlowDontMatchSaveJob" tests="1" failures="0" timestamp="29 Sep 2015 11:19:31 GMT" time="63.677" errors="0">
  <testcase name="addNewClient" time="63.677" classname="TBR.Regression_Testcases.JobsFlowDontMatchSaveJob"/>
</testsuite> <!-- TBR.Regression_Testcases.JobsFlowDontMatchSaveJob -->
