<?xml version="1.0" encoding="UTF-8"?>
<!-- Generated by org.testng.reporters.JUnitReportReporter -->
<testsuite hostname="tempbuddy-HP" name="TBR.Rough_Work.ClientsRough" tests="1" failures="0" timestamp="26 Aug 2015 08:31:06 GMT" time="93.947" errors="0">
  <testcase name="clientsRough" time="93.947" classname="TBR.Rough_Work.ClientsRough"/>
</testsuite> <!-- TBR.Rough_Work.ClientsRough -->
